WARNING *** file size (16320) not 512 + multiple of sector size (512)
incorrect bank
WARNING *** file size (16320) not 512 + multiple of sector size (512)
incorrect bank
WARNING *** file size (16320) not 512 + multiple of sector size (512)
incorrect bank
WARNING *** file size (16320) not 512 + multiple of sector size (512)
incorrect bank
WARNING *** file size (16320) not 512 + multiple of sector size (512)
incorrect bank
WARNING *** file size (16320) not 512 + multiple of sector size (512)
incorrect bank
WARNING *** file size (16320) not 512 + multiple of sector size (512)
incorrect bank
WARNING *** file size (16320) not 512 + multiple of sector size (512)
incorrect bank
WARNING *** file size (16320) not 512 + multiple of sector size (512)
incorrect bank
error
WARNING *** file size (16320) not 512 + multiple of sector size (512)
incorrect bank
WARNING *** file size (16320) not 512 + multiple of sector size (512)
incorrect bank
WARNING *** file size (16320) not 512 + multiple of sector size (512)
incorrect bank
WARNING *** file size (16320) not 512 + multiple of sector size (512)
incorrect bank
WARNING *** file size (16320) not 512 + multiple of sector size (512)
incorrect bank
WARNING *** file size (16320) not 512 + multiple of sector size (512)
incorrect bank
WARNING *** file size (16320) not 512 + multiple of sector size (512)
incorrect bank
C:/xampp/htdocs/python_auto/Export_Files\BOG\2019\March\22\07_48_05.531244\results_to_php.txt
C:/xampp/htdocs/python_auto/Export_Files\BOG\2019\March\25\10_17_08.078452\results_to_php.txt
C:/xampp/htdocs/python_auto/Export_Files\BOG\2019\March\27\07_13_37.696877\results_to_php.txt
C:/xampp/htdocs/python_auto/Export_Files\BOG\2019\March\29\07_35_35.918253\results_to_php.txt
C:/xampp/htdocs/python_auto/Export_Files\BOG\2019\April\01\17_08_59.184030\results_to_php.txt
C:/xampp/htdocs/python_auto/Export_Files\BOG\2019\April\03\07_58_26.598250\results_to_php.txt
C:/xampp/htdocs/python_auto/Export_Files\BOG\2019\April\05\07_20_54.114894\results_to_php.txt
C:/xampp/htdocs/python_auto/Export_Files\BOG\2019\April\10\07_00_16.149235\results_to_php.txt
incorrect username or password
incorrect bank
C:/xampp/htdocs/python_auto/Export_Files\TBC\2019\April\10\15_24_00.440320\results_to_php.txt
incorrect bank
C:/xampp/htdocs/python_auto/Export_Files\BOG\2019\April\10\15_28_01.187609\results_to_php.txt
C:/xampp/htdocs/python_auto/Export_Files\BOG\2019\April\10\15_30_34.107664\results_to_php.txt
empty
C:/xampp/htdocs/python_auto/Export_Files\TBC\2019\April\10\15_37_15.931042\results_to_php.txt
Error
C:/xampp/htdocs/python_auto/Export_Files\TBC\2019\April\10\15_56_16.902945\results_to_php.txt
incorrect bank
incorrect bank
incorrect bank
C:/xampp/htdocs/python_auto/Export_Files\BOG\2019\April\12\07_37_02.302294\results_to_php.txt
incorrect bank
C:/xampp/htdocs/python_auto/Export_Files\BOG\2019\April\12\10_28_28.912684\results_to_php.txt
C:/xampp/htdocs/python_auto/Export_Files\BOG\2019\April\12\10_39_33.812041\results_to_php.txt
incorrect bank
error
error
error
error
error
error
error
error
error
error
<!DOCTYPE HTML PUBLIC "-//IETF//DTD HTML 2.0//EN">
<html><head>
<title>301 Moved Permanently</title>
</head><body>
<h1>Moved Permanently</h1>
<p>The document has moved <a href="http://18.196.102.181/python_auto/new/banks_auto/">here</a>.</p>
<hr>
<address>Apache/2.4.37 (Win32) OpenSSL/1.1.1a PHP/7.3.0 Server at 18.196.102.181 Port 80</address>
</body></html>
<!DOCTYPE HTML PUBLIC "-//IETF//DTD HTML 2.0//EN">
<html><head>
<title>301 Moved Permanently</title>
</head><body>
<h1>Moved Permanently</h1>
<p>The document has moved <a href="http://18.196.102.181/python_auto/new/banks_auto/">here</a>.</p>
<hr>
<address>Apache/2.4.37 (Win32) OpenSSL/1.1.1a PHP/7.3.0 Server at 18.196.102.181 Port 80</address>
</body></html>
<!DOCTYPE HTML PUBLIC "-//IETF//DTD HTML 2.0//EN">
<html><head>
<title>301 Moved Permanently</title>
</head><body>
<h1>Moved Permanently</h1>
<p>The document has moved <a href="http://18.196.102.181/python_auto/new/banks_auto/">here</a>.</p>
<hr>
<address>Apache/2.4.37 (Win32) OpenSSL/1.1.1a PHP/7.3.0 Server at 18.196.102.181 Port 80</address>
</body></html>
<!DOCTYPE HTML PUBLIC "-//IETF//DTD HTML 2.0//EN">
<html><head>
<title>301 Moved Permanently</title>
</head><body>
<h1>Moved Permanently</h1>
<p>The document has moved <a href="http://18.196.102.181/python_auto/new/banks_auto/">here</a>.</p>
<hr>
<address>Apache/2.4.37 (Win32) OpenSSL/1.1.1a PHP/7.3.0 Server at 18.196.102.181 Port 80</address>
</body></html>
<!DOCTYPE HTML PUBLIC "-//IETF//DTD HTML 2.0//EN">
<html><head>
<title>301 Moved Permanently</title>
</head><body>
<h1>Moved Permanently</h1>
<p>The document has moved <a href="http://18.196.102.181/python_auto/new/banks_auto/">here</a>.</p>
<hr>
<address>Apache/2.4.37 (Win32) OpenSSL/1.1.1a PHP/7.3.0 Server at 18.196.102.181 Port 80</address>
</body></html>
<!DOCTYPE HTML PUBLIC "-//IETF//DTD HTML 2.0//EN">
<html><head>
<title>301 Moved Permanently</title>
</head><body>
<h1>Moved Permanently</h1>
<p>The document has moved <a href="http://18.196.102.181/python_auto/new/banks_auto/">here</a>.</p>
<hr>
<address>Apache/2.4.37 (Win32) OpenSSL/1.1.1a PHP/7.3.0 Server at 18.196.102.181 Port 80</address>
</body></html>
<!DOCTYPE HTML PUBLIC "-//IETF//DTD HTML 2.0//EN">
<html><head>
<title>301 Moved Permanently</title>
</head><body>
<h1>Moved Permanently</h1>
<p>The document has moved <a href="http://18.196.102.181/python_auto/new/banks_auto/">here</a>.</p>
<hr>
<address>Apache/2.4.37 (Win32) OpenSSL/1.1.1a PHP/7.3.0 Server at 18.196.102.181 Port 80</address>
</body></html>
<!DOCTYPE HTML PUBLIC "-//IETF//DTD HTML 2.0//EN">
<html><head>
<title>301 Moved Permanently</title>
</head><body>
<h1>Moved Permanently</h1>
<p>The document has moved <a href="http://18.196.102.181/python_auto/new/banks_auto/">here</a>.</p>
<hr>
<address>Apache/2.4.37 (Win32) OpenSSL/1.1.1a PHP/7.3.0 Server at 18.196.102.181 Port 80</address>
</body></html>
<!DOCTYPE HTML PUBLIC "-//IETF//DTD HTML 2.0//EN">
<html><head>
<title>301 Moved Permanently</title>
</head><body>
<h1>Moved Permanently</h1>
<p>The document has moved <a href="http://18.196.102.181/python_auto/new/banks_auto/">here</a>.</p>
<hr>
<address>Apache/2.4.37 (Win32) OpenSSL/1.1.1a PHP/7.3.0 Server at 18.196.102.181 Port 80</address>
</body></html>
<!DOCTYPE HTML PUBLIC "-//IETF//DTD HTML 2.0//EN">
<html><head>
<title>301 Moved Permanently</title>
</head><body>
<h1>Moved Permanently</h1>
<p>The document has moved <a href="http://18.196.102.181/python_auto/new/banks_auto/">here</a>.</p>
<hr>
<address>Apache/2.4.37 (Win32) OpenSSL/1.1.1a PHP/7.3.0 Server at 18.196.102.181 Port 80</address>
</body></html>
<!DOCTYPE HTML PUBLIC "-//IETF//DTD HTML 2.0//EN">
<html><head>
<title>301 Moved Permanently</title>
</head><body>
<h1>Moved Permanently</h1>
<p>The document has moved <a href="http://18.196.102.181/python_auto/new/banks_auto/">here</a>.</p>
<hr>
<address>Apache/2.4.37 (Win32) OpenSSL/1.1.1a PHP/7.3.0 Server at 18.196.102.181 Port 80</address>
</body></html>
C:/xampp/htdocs/python_auto/Export_Files\BOG\2019\April\12\12_37_11.598501\results_to_php.txt
C:/xampp/htdocs/python_auto/Export_Files\BOG\2019\April\12\12_40_55.736557\results_to_php.txt
C:/xampp/htdocs/python_auto/Export_Files\BOG\2019\April\12\13_14_19.293813\results_to_php.txt
incorrect username or password
incorrect username or password
Error
C:/xampp/htdocs/python_auto/Export_Files\TBC\2019\April\12\14_26_19.820188\results_to_php.txt
"C:\\xampp\\htdocs\\python_auto\\new\\banks_auto\\Export_Files\\TBC\\2019\\April\\12\\14_40_26.938902\\results_to_php.txt"
"incorrect username or password"
"C:\\xampp\\htdocs\\python_auto\\new\\banks_auto\\Export_Files\\TBC\\2019\\April\\12\\14_46_52.526729\\results_to_php.txt"
"C:\\xampp\\htdocs\\python_auto\\new\\banks_auto\\Export_Files\\TBC\\2019\\April\\12\\14_51_20.289454\\results_to_php.txt"
"C:\\xampp\\htdocs\\python_auto\\new\\banks_auto\\Export_Files\\TBC\\2019\\April\\12\\14_59_13.657261\\results_to_php.txt"
"C:\\xampp\\htdocs\\python_auto\\new\\banks_auto\\Export_Files\\BOG\\2019\\April\\12\\15_00_59.972963\\results_to_php.txt"
C:\xampp\htdocs\python_auto\new\banks_auto\Export_Files\TBC\2019\April\12\15_06_08.560178\results_to_php.txtC:\xampp\htdocs\python_auto\new\banks_auto\Export_Files\TBC\2019\April\12\15_09_28.766739\results_to_php.txtC:\xampp\htdocs\python_auto\new\banks_auto\Export_Files\TBC\2019\April\12\15_12_22.269317\results_to_php.txtC:\xampp\htdocs\python_auto\new\banks_auto\Export_Files\TBC\2019\April\12\15_14_12.216155\results_to_php.txtC:\xampp\htdocs\python_auto\new\banks_auto\Export_Files\TBC\2019\April\12\15_18_20.607976\results_to_php.txtC:\xampp\htdocs\python_auto\new\banks_auto\Export_Files\TBC\2019\April\12\15_19_39.468966\results_to_php.txtC:\xampp\htdocs\python_auto\new\banks_auto\Export_Files\TBC\2019\April\12\15_22_16.536970\results_to_php.txtC:\xampp\htdocs\python_auto\new\banks_auto\Export_Files\TBC\2019\April\12\15_27_43.170757\results_to_php.txtC:\xampp\htdocs\python_auto\new\banks_auto\Export_Files\TBC\2019\April\12\15_31_17.943068\results_to_php.txtC:\xampp\htdocs\python_auto\new\banks_auto\Export_Files\TBC\2019\April\12\15_33_12.011644\results_to_php.txtC:\xampp\htdocs\python_auto\new\banks_auto\Export_Files\TBC\2019\April\12\15_38_27.481683\results_to_php.txtC:\xampp\htdocs\python_auto\new\banks_auto\Export_Files\TBC\2019\April\12\16_09_33.964901\results_to_php.txtC:\xampp\htdocs\python_auto\new\banks_auto\Export_Files\TBC\2019\April\12\16_11_13.970644\results_to_php.txtC:\xampp\htdocs\python_auto\new\banks_auto\Export_Files\TBC\2019\April\12\16_14_16.915568\results_to_php.txtC:\xampp\htdocs\python_auto\new\banks_auto\Export_Files\TBC\2019\April\12\16_28_31.371269\results_to_php.txtC:\xampp\htdocs\python_auto\new\banks_auto\Export_Files\TBC\2019\April\12\16_32_11.058476\results_to_php.txtC:\xampp\htdocs\python_auto\new\banks_auto\Export_Files\TBC\2019\April\12\17_04_29.155744\results_to_php.txtincorrect username or passwordC:\xampp\htdocs\python_auto\new\banks_auto\Export_Files\BOG\2019\April\12\17_16_37.059566\results_to_php.txtincorrect bankincorrect bankC:\xampp\htdocs\python_auto\new\banks_auto\Export_Files\TBC\2019\April\17\08_44_36.708578\results_to_php.txtincorrect bankincorrect bankC:\xampp\htdocs\python_auto\new\banks_auto\Export_Files\TBC\2019\April\17\11_11_44.410499\results_to_php.txtC:\xampp\htdocs\python_auto\new\banks_auto\Export_Files\TBC\2019\April\17\11_14_06.379021\results_to_php.txtC:\xampp\htdocs\python_auto\new\banks_auto\Export_Files\BOG\2019\April\17\11_16_13.127310\results_to_php.txterrorerrorerrorerrorerrorerrorerrorerrorincorrect username or passwordincorrect username or passwordincorrect username or passwordincorrect bankC:\xampp\htdocs\python_auto\new\banks_auto\Export_Files\TERABANK\2019\April\17\11_28_14.714192\results_to_php.txtC:\xampp\htdocs\python_auto\new\banks_auto\Export_Files\TERABANK\2019\April\17\11_33_03.523243\results_to_php.txtC:\xampp\htdocs\python_auto\new\banks_auto\Export_Files\TBC\2019\April\17\13_39_24.989016\results_to_php.txtC:\xampp\htdocs\python_auto\new\banks_auto\Export_Files\TBC\2019\April\19\06_50_07.681286\results_to_php.txtC:\xampp\htdocs\python_auto\new\banks_auto\Export_Files\BOG\2019\April\19\09_12_16.840229\results_to_php.txtC:\xampp\htdocs\python_auto\new\banks_auto\Export_Files\BASISBANK\2019\April\19\09_35_01.046082\results_to_php.txtC:\xampp\htdocs\python_auto\new\banks_auto\Export_Files\TERABANK\2019\April\19\09_45_08.819835\results_to_php.txtC:\xampp\htdocs\python_auto\new\banks_auto\Export_Files\BASISBANK\2019\April\19\10_23_13.075058\results_to_php.txtC:\xampp\htdocs\python_auto\new\banks_auto\Export_Files\BASISBANK\2019\April\19\10_31_12.820481\results_to_php.txtC:\xampp\htdocs\python_auto\new\banks_auto\Export_Files\BASISBANK\2019\April\19\10_37_03.566391\results_to_php.txtC:\xampp\htdocs\python_auto\new\banks_auto\Export_Files\BASISBANK\2019\April\19\10_42_02.359779\results_to_php.txtC:\xampp\htdocs\python_auto\new\banks_auto\Export_Files\BASISBANK\2019\April\19\10_46_37.640096\results_to_php.txtC:\xampp\htdocs\python_auto\new\banks_auto\Export_Files\BASISBANK\2019\April\19\10_53_42.744755\results_to_php.txtC:\xampp\htdocs\python_auto\new\banks_auto\Export_Files\BASISBANK\2019\April\19\10_57_49.259740\results_to_php.txtC:\xampp\htdocs\python_auto\new\banks_auto\Export_Files\BASISBANK\2019\April\19\15_04_30.117228\results_to_php.txtincorrect username or passwordC:\xampp\htdocs\python_auto\new\banks_auto\Export_Files\TBC\2019\April\22\15_12_23.352470\results_to_php.txtC:\xampp\htdocs\python_auto\new\banks_auto\Export_Files\BOG\2019\April\22\15_14_31.383339\results_to_php.txtC:\xampp\htdocs\python_auto\new\banks_auto\Export_Files\BASISBANK\2019\April\22\15_15_59.898237\results_to_php.txtincorrect bankC:\xampp\htdocs\python_auto\new\banks_auto\Export_Files\TERABANK\2019\April\22\15_21_55.066042\results_to_php.txtincorrect bankC:\xampp\htdocs\python_auto\new\banks_auto\Export_Files\TBC\2019\April\24\09_49_35.626648\results_to_php.txtincorrect username or passwordincorrect bankC:\xampp\htdocs\python_auto\new\banks_auto\Export_Files\BOG\2019\April\24\09_58_06.168102\results_to_php.txtC:\xampp\htdocs\python_auto\new\banks_auto\Export_Files\BASISBANK\2019\April\24\10_19_24.809656\results_to_php.txtC:\xampp\htdocs\python_auto\new\banks_auto\Export_Files\TERABANK\2019\April\24\10_29_03.224520\results_to_php.txtC:\xampp\htdocs\python_auto\new\banks_auto\Export_Files\TBC\2019\April\24\14_02_19.967169\results_to_php.txtincorrect username or passwordC:\xampp\htdocs\python_auto\new\banks_auto\Export_Files\BOG\2019\April\24\15_09_14.550647\results_to_php.txterrorerrorerrorerrorerrorerrorerrorerrorC:\xampp\htdocs\python_auto\new\banks_auto\Export_Files\TBC\2019\May\22\14_43_58.865544\results_to_php.txtC:\xampp\htdocs\python_auto\new\banks_auto\Export_Files\TBC\2019\May\24\09_34_06.642400\results_to_php.txtC:\xampp\htdocs\python_auto\new\banks_auto\Export_Files\BASISBANK\2019\May\24\09_49_04.242304\results_to_php.txtC:\xampp\htdocs\python_auto\new\banks_auto\Export_Files\TERABANK\2019\May\24\09_53_38.832902\results_to_php.txtincorrect username or passwordC:\xampp\htdocs\python_auto\new\banks_auto\Export_Files\TBC\2019\June\17\08_09_50.377123\results_to_php.txtC:\xampp\htdocs\python_auto\new\banks_auto\Export_Files\TBC\2019\June\28\09_25_07.115149\results_to_php.txtincorrect username or passwordC:\xampp\htdocs\python_auto\new\banks_auto\Export_Files\BASISBANK\2019\June\28\09_35_34.389526\results_to_php.txt